# JRE version: Java(TM) SE Runtime Environment (8.0_221-b11) (build 1.8.0_221-b11)
# Java VM: Java HotSpot(TM) 64-Bit Server VM (25.221-b11 mixed mode windows-amd64 compressed oops)
Heap:
 PSYoungGen      total 109568K, used 82346K [0x00000000d5a00000, 0x00000000e1580000, 0x0000000100000000)
  eden space 109056K, 75% used [0x00000000d5a00000,0x00000000daa6aa90,0x00000000dc480000)
  from space 512K, 0% used [0x00000000e1500000,0x00000000e1500000,0x00000000e1580000)
  to   space 5120K, 0% used [0x00000000e0b80000,0x00000000e0b80000,0x00000000e1080000)
 ParOldGen       total 77312K, used 13243K [0x0000000080e00000, 0x0000000085980000, 0x00000000d5a00000)
  object space 77312K, 17% used [0x0000000080e00000,0x0000000081aeecb0,0x0000000085980000)
 Metaspace       used 50716K, capacity 53844K, committed 54616K, reserved 1097728K
  class space    used 6210K, capacity 6861K, committed 7000K, reserved 1048576K
GC Heap History (10 events):
Event: 13450.535 GC heap before
{Heap before GC invocations=51 (full 8):
 PSYoungGen      total 120320K, used 120096K [0x00000000d5a00000, 0x00000000e2000000, 0x0000000100000000)
  eden space 119808K, 100% used [0x00000000d5a00000,0x00000000dcf00000,0x00000000dcf00000)
  from space 512K, 56% used [0x00000000e1f80000,0x00000000e1fc8000,0x00000000e2000000)
  to   space 6144K, 0% used [0x00000000e1400000,0x00000000e1400000,0x00000000e1a00000)
 ParOldGen       total 77312K, used 20025K [0x0000000080e00000, 0x0000000085980000, 0x00000000d5a00000)
  object space 77312K, 25% used [0x0000000080e00000,0x000000008218e4b0,0x0000000085980000)
 Metaspace       used 50887K, capacity 54090K, committed 54360K, reserved 1097728K
  class space    used 6245K, capacity 6908K, committed 7000K, reserved 1048576K
Event: 13450.536 GC heap after
Heap after GC invocations=51 (full 8):
 PSYoungGen      total 122368K, used 192K [0x00000000d5a00000, 0x00000000e2000000, 0x0000000100000000)
  eden space 116224K, 0% used [0x00000000d5a00000,0x00000000d5a00000,0x00000000dcb80000)
  from space 6144K, 3% used [0x00000000e1400000,0x00000000e1430000,0x00000000e1a00000)
  to   space 6144K, 0% used [0x00000000e1a00000,0x00000000e1a00000,0x00000000e2000000)
 ParOldGen       total 77312K, used 20025K [0x0000000080e00000, 0x0000000085980000, 0x00000000d5a00000)
  object space 77312K, 25% used [0x0000000080e00000,0x000000008218e4b0,0x0000000085980000)
 Metaspace       used 50887K, capacity 54090K, committed 54360K, reserved 1097728K
  class space    used 6245K, capacity 6908K, committed 7000K, reserved 1048576K
}
Event: 13723.839 GC heap before
{Heap before GC invocations=52 (full 8):
 PSYoungGen      total 122368K, used 116416K [0x00000000d5a00000, 0x00000000e2000000, 0x0000000100000000)
  eden space 116224K, 100% used [0x00000000d5a00000,0x00000000dcb80000,0x00000000dcb80000)
  from space 6144K, 3% used [0x00000000e1400000,0x00000000e1430000,0x00000000e1a00000)
  to   space 6144K, 0% used [0x00000000e1a00000,0x00000000e1a00000,0x00000000e2000000)
 ParOldGen       total 77312K, used 20025K [0x0000000080e00000, 0x0000000085980000, 0x00000000d5a00000)
  object space 77312K, 25% used [0x0000000080e00000,0x000000008218e4b0,0x0000000085980000)
 Metaspace       used 50887K, capacity 54090K, committed 54360K, reserved 1097728K
  class space    used 6245K, capacity 6908K, committed 7000K, reserved 1048576K
Event: 13723.841 GC heap after
Heap after GC invocations=52 (full 8):
 PSYoungGen      total 113152K, used 192K [0x00000000d5a00000, 0x00000000e1a80000, 0x0000000100000000)
  eden space 112640K, 0% used [0x00000000d5a00000,0x00000000d5a00000,0x00000000dc800000)
  from space 512K, 37% used [0x00000000e1a00000,0x00000000e1a30000,0x00000000e1a80000)
  to   space 5632K, 0% used [0x00000000e0f80000,0x00000000e0f80000,0x00000000e1500000)
 ParOldGen       total 77312K, used 20025K [0x0000000080e00000, 0x0000000085980000, 0x00000000d5a00000)
  object space 77312K, 25% used [0x0000000080e00000,0x000000008218e4b0,0x0000000085980000)
 Metaspace       used 50887K, capacity 54090K, committed 54360K, reserved 1097728K
  class space    used 6245K, capacity 6908K, committed 7000K, reserved 1048576K
}
Event: 13986.458 GC heap before
{Heap before GC invocations=53 (full 8):
 PSYoungGen      total 113152K, used 112832K [0x00000000d5a00000, 0x00000000e1a80000, 0x0000000100000000)
  eden space 112640K, 100% used [0x00000000d5a00000,0x00000000dc800000,0x00000000dc800000)
  from space 512K, 37% used [0x00000000e1a00000,0x00000000e1a30000,0x00000000e1a80000)
  to   space 5632K, 0% used [0x00000000e0f80000,0x00000000e0f80000,0x00000000e1500000)
 ParOldGen       total 77312K, used 20025K [0x0000000080e00000, 0x0000000085980000, 0x00000000d5a00000)
  object space 77312K, 25% used [0x0000000080e00000,0x000000008218e4b0,0x0000000085980000)
 Metaspace       used 50887K, capacity 54090K, committed 54360K, reserved 1097728K
  class space    used 6245K, capacity 6908K, committed 7000K, reserved 1048576K
Event: 13986.460 GC heap after
Heap after GC invocations=53 (full 8):
 PSYoungGen      total 114688K, used 160K [0x00000000d5a00000, 0x00000000e1a80000, 0x0000000100000000)
  eden space 109056K, 0% used [0x00000000d5a00000,0x00000000d5a00000,0x00000000dc480000)
  from space 5632K, 2% used [0x00000000e0f80000,0x00000000e0fa8000,0x00000000e1500000)
  to   space 5632K, 0% used [0x00000000e1500000,0x00000000e1500000,0x00000000e1a80000)
 ParOldGen       total 77312K, used 20025K [0x0000000080e00000, 0x0000000085980000, 0x00000000d5a00000)
  object space 77312K, 25% used [0x0000000080e00000,0x000000008218e4b0,0x0000000085980000)
 Metaspace       used 50887K, capacity 54090K, committed 54360K, reserved 1097728K
  class space    used 6245K, capacity 6908K, committed 7000K, reserved 1048576K
}
Event: 14155.916 GC heap before
{Heap before GC invocations=54 (full 8):
 PSYoungGen      total 114688K, used 75957K [0x00000000d5a00000, 0x00000000e1a80000, 0x0000000100000000)
  eden space 109056K, 69% used [0x00000000d5a00000,0x00000000da405790,0x00000000dc480000)
  from space 5632K, 2% used [0x00000000e0f80000,0x00000000e0fa8000,0x00000000e1500000)
  to   space 5632K, 0% used [0x00000000e1500000,0x00000000e1500000,0x00000000e1a80000)
 ParOldGen       total 77312K, used 20025K [0x0000000080e00000, 0x0000000085980000, 0x00000000d5a00000)
  object space 77312K, 25% used [0x0000000080e00000,0x000000008218e4b0,0x0000000085980000)
 Metaspace       used 50895K, capacity 54096K, committed 54360K, reserved 1097728K
  class space    used 6245K, capacity 6910K, committed 7000K, reserved 1048576K
Event: 14155.918 GC heap after
Heap after GC invocations=54 (full 8):
 PSYoungGen      total 109568K, used 352K [0x00000000d5a00000, 0x00000000e1580000, 0x0000000100000000)
  eden space 109056K, 0% used [0x00000000d5a00000,0x00000000d5a00000,0x00000000dc480000)
  from space 512K, 68% used [0x00000000e1500000,0x00000000e1558000,0x00000000e1580000)
  to   space 5120K, 0% used [0x00000000e0b80000,0x00000000e0b80000,0x00000000e1080000)
 ParOldGen       total 77312K, used 20025K [0x0000000080e00000, 0x0000000085980000, 0x00000000d5a00000)
  object space 77312K, 25% used [0x0000000080e00000,0x000000008218e4b0,0x0000000085980000)
 Metaspace       used 50895K, capacity 54096K, committed 54360K, reserved 1097728K
  class space    used 6245K, capacity 6910K, committed 7000K, reserved 1048576K
}
Event: 14155.918 GC heap before
{Heap before GC invocations=55 (full 9):
 PSYoungGen      total 109568K, used 352K [0x00000000d5a00000, 0x00000000e1580000, 0x0000000100000000)
  eden space 109056K, 0% used [0x00000000d5a00000,0x00000000d5a00000,0x00000000dc480000)
  from space 512K, 68% used [0x00000000e1500000,0x00000000e1558000,0x00000000e1580000)
  to   space 5120K, 0% used [0x00000000e0b80000,0x00000000e0b80000,0x00000000e1080000)
 ParOldGen       total 77312K, used 20025K [0x0000000080e00000, 0x0000000085980000, 0x00000000d5a00000)
  object space 77312K, 25% used [0x0000000080e00000,0x000000008218e4b0,0x0000000085980000)
 Metaspace       used 50895K, capacity 54096K, committed 54360K, reserved 1097728K
  class space    used 6245K, capacity 6910K, committed 7000K, reserved 1048576K
Event: 14156.070 GC heap after
Heap after GC invocations=55 (full 9):
 PSYoungGen      total 109568K, used 0K [0x00000000d5a00000, 0x00000000e1580000, 0x0000000100000000)
  eden space 109056K, 0% used [0x00000000d5a00000,0x00000000d5a00000,0x00000000dc480000)
  from space 512K, 0% used [0x00000000e1500000,0x00000000e1500000,0x00000000e1580000)
  to   space 5120K, 0% used [0x00000000e0b80000,0x00000000e0b80000,0x00000000e1080000)
 ParOldGen       total 77312K, used 13243K [0x0000000080e00000, 0x0000000085980000, 0x00000000d5a00000)
  object space 77312K, 17% used [0x0000000080e00000,0x0000000081aeecb0,0x0000000085980000)
 Metaspace       used 50481K, capacity 53402K, committed 54360K, reserved 1097728K
  class space    used 6178K, capacity 6788K, committed 7000K, reserved 1048576K
}

