# JRE version: Java(TM) SE Runtime Environment (8.0_221-b11) (build 1.8.0_221-b11)
# Java VM: Java HotSpot(TM) 64-Bit Server VM (25.221-b11 mixed mode windows-amd64 compressed oops)
Heap:
 garbage-first heap   total 131072K, used 56956K [0x00000000c0000000, 0x00000000c0100400, 0x0000000100000000)
  region size 1024K, 40 young (40960K), 10 survivors (10240K)
 Metaspace       used 31304K, capacity 33236K, committed 33408K, reserved 1079296K
  class space    used 3476K, capacity 4179K, committed 4224K, reserved 1048576K
GC Heap History (8 events):
Event: 0.945 GC heap before
{Heap before GC invocations=0 (full 0):
 garbage-first heap   total 131072K, used 24576K [0x00000000c0000000, 0x00000000c0100400, 0x0000000100000000)
  region size 1024K, 24 young (24576K), 0 survivors (0K)
 Metaspace       used 8092K, capacity 8256K, committed 8320K, reserved 1056768K
  class space    used 841K, capacity 857K, committed 896K, reserved 1048576K
Event: 0.952 GC heap after
Heap after GC invocations=1 (full 0):
 garbage-first heap   total 131072K, used 6164K [0x00000000c0000000, 0x00000000c0100400, 0x0000000100000000)
  region size 1024K, 3 young (3072K), 3 survivors (3072K)
 Metaspace       used 8092K, capacity 8256K, committed 8320K, reserved 1056768K
  class space    used 841K, capacity 857K, committed 896K, reserved 1048576K
}
Event: 1.482 GC heap before
{Heap before GC invocations=1 (full 0):
 garbage-first heap   total 131072K, used 35860K [0x00000000c0000000, 0x00000000c0100400, 0x0000000100000000)
  region size 1024K, 32 young (32768K), 3 survivors (3072K)
 Metaspace       used 16384K, capacity 17074K, committed 17280K, reserved 1064960K
  class space    used 1589K, capacity 1839K, committed 1920K, reserved 1048576K
Event: 1.493 GC heap after
Heap after GC invocations=2 (full 0):
 garbage-first heap   total 131072K, used 15636K [0x00000000c0000000, 0x00000000c0100400, 0x0000000100000000)
  region size 1024K, 4 young (4096K), 4 survivors (4096K)
 Metaspace       used 16384K, capacity 17074K, committed 17280K, reserved 1064960K
  class space    used 1589K, capacity 1839K, committed 1920K, reserved 1048576K
}
Event: 1.819 GC heap before
{Heap before GC invocations=2 (full 0):
 garbage-first heap   total 131072K, used 49428K [0x00000000c0000000, 0x00000000c0100400, 0x0000000100000000)
  region size 1024K, 38 young (38912K), 4 survivors (4096K)
 Metaspace       used 20237K, capacity 21136K, committed 21296K, reserved 1069056K
  class space    used 2097K, capacity 2386K, committed 2432K, reserved 1048576K
Event: 1.826 GC heap after
Heap after GC invocations=3 (full 0):
 garbage-first heap   total 131072K, used 23040K [0x00000000c0000000, 0x00000000c0100400, 0x0000000100000000)
  region size 1024K, 10 young (10240K), 10 survivors (10240K)
 Metaspace       used 20237K, capacity 21136K, committed 21296K, reserved 1069056K
  class space    used 2097K, capacity 2386K, committed 2432K, reserved 1048576K
}
Event: 2.332 GC heap before
{Heap before GC invocations=4 (full 0):
 garbage-first heap   total 131072K, used 86528K [0x00000000c0000000, 0x00000000c0100400, 0x0000000100000000)
  region size 1024K, 76 young (77824K), 10 survivors (10240K)
 Metaspace       used 27754K, capacity 29238K, committed 29440K, reserved 1075200K
  class space    used 3022K, capacity 3571K, committed 3584K, reserved 1048576K
Event: 2.346 GC heap after
Heap after GC invocations=5 (full 0):
 garbage-first heap   total 131072K, used 27260K [0x00000000c0000000, 0x00000000c0100400, 0x0000000100000000)
  region size 1024K, 10 young (10240K), 10 survivors (10240K)
 Metaspace       used 27754K, capacity 29238K, committed 29440K, reserved 1075200K
  class space    used 3022K, capacity 3571K, committed 3584K, reserved 1048576K
}

