# JRE version: Java(TM) SE Runtime Environment (8.0_221-b11) (build 1.8.0_221-b11)
# Java VM: Java HotSpot(TM) 64-Bit Server VM (25.221-b11 mixed mode windows-amd64 compressed oops)
Heap:
 garbage-first heap   total 262144K, used 86607K [0x00000000c0000000, 0x00000000c0100800, 0x0000000100000000)
  region size 1024K, 10 young (10240K), 1 survivors (1024K)
 Metaspace       used 43014K, capacity 45556K, committed 45644K, reserved 1089536K
  class space    used 4640K, capacity 5430K, committed 5452K, reserved 1048576K
GC Heap History (10 events):
Event: 5.210 GC heap before
{Heap before GC invocations=19 (full 0):
 garbage-first heap   total 131072K, used 67676K [0x00000000c0000000, 0x00000000c0100400, 0x0000000100000000)
  region size 1024K, 6 young (6144K), 1 survivors (1024K)
 Metaspace       used 42908K, capacity 45474K, committed 45644K, reserved 1089536K
  class space    used 4637K, capacity 5427K, committed 5452K, reserved 1048576K
Event: 5.214 GC heap after
Heap after GC invocations=20 (full 0):
 garbage-first heap   total 131072K, used 67314K [0x00000000c0000000, 0x00000000c0100400, 0x0000000100000000)
  region size 1024K, 1 young (1024K), 1 survivors (1024K)
 Metaspace       used 42908K, capacity 45474K, committed 45644K, reserved 1089536K
  class space    used 4637K, capacity 5427K, committed 5452K, reserved 1048576K
}
Event: 5.310 GC heap before
{Heap before GC invocations=20 (full 0):
 garbage-first heap   total 131072K, used 111346K [0x00000000c0000000, 0x00000000c0100400, 0x0000000100000000)
  region size 1024K, 44 young (45056K), 1 survivors (1024K)
 Metaspace       used 42938K, capacity 45474K, committed 45644K, reserved 1089536K
  class space    used 4637K, capacity 5427K, committed 5452K, reserved 1048576K
Event: 5.316 GC heap after
Heap after GC invocations=21 (full 0):
 garbage-first heap   total 131072K, used 72718K [0x00000000c0000000, 0x00000000c0100400, 0x0000000100000000)
  region size 1024K, 6 young (6144K), 6 survivors (6144K)
 Metaspace       used 42938K, capacity 45474K, committed 45644K, reserved 1089536K
  class space    used 4637K, capacity 5427K, committed 5452K, reserved 1048576K
}
Event: 5.394 GC heap before
{Heap before GC invocations=21 (full 0):
 garbage-first heap   total 131072K, used 110606K [0x00000000c0000000, 0x00000000c0100400, 0x0000000100000000)
  region size 1024K, 43 young (44032K), 6 survivors (6144K)
 Metaspace       used 42966K, capacity 45474K, committed 45644K, reserved 1089536K
  class space    used 4638K, capacity 5427K, committed 5452K, reserved 1048576K
Event: 5.401 GC heap after
Heap after GC invocations=22 (full 0):
 garbage-first heap   total 131072K, used 78652K [0x00000000c0000000, 0x00000000c0100400, 0x0000000100000000)
  region size 1024K, 6 young (6144K), 6 survivors (6144K)
 Metaspace       used 42966K, capacity 45474K, committed 45644K, reserved 1089536K
  class space    used 4638K, capacity 5427K, committed 5452K, reserved 1048576K
}
Event: 5.481 GC heap before
{Heap before GC invocations=23 (full 0):
 garbage-first heap   total 131072K, used 111420K [0x00000000c0000000, 0x00000000c0100400, 0x0000000100000000)
  region size 1024K, 38 young (38912K), 6 survivors (6144K)
 Metaspace       used 42990K, capacity 45556K, committed 45644K, reserved 1089536K
  class space    used 4640K, capacity 5430K, committed 5452K, reserved 1048576K
Event: 5.489 GC heap after
Heap after GC invocations=24 (full 0):
 garbage-first heap   total 131072K, used 84218K [0x00000000c0000000, 0x00000000c0100400, 0x0000000100000000)
  region size 1024K, 5 young (5120K), 5 survivors (5120K)
 Metaspace       used 42990K, capacity 45556K, committed 45644K, reserved 1089536K
  class space    used 4640K, capacity 5430K, committed 5452K, reserved 1048576K
}
Event: 5.492 GC heap before
{Heap before GC invocations=24 (full 0):
 garbage-first heap   total 131072K, used 85242K [0x00000000c0000000, 0x00000000c0100400, 0x0000000100000000)
  region size 1024K, 6 young (6144K), 5 survivors (5120K)
 Metaspace       used 42990K, capacity 45556K, committed 45644K, reserved 1089536K
  class space    used 4640K, capacity 5430K, committed 5452K, reserved 1048576K
Event: 5.504 GC heap after
Heap after GC invocations=25 (full 0):
 garbage-first heap   total 262144K, used 78415K [0x00000000c0000000, 0x00000000c0100800, 0x0000000100000000)
  region size 1024K, 1 young (1024K), 1 survivors (1024K)
 Metaspace       used 42990K, capacity 45556K, committed 45644K, reserved 1089536K
  class space    used 4640K, capacity 5430K, committed 5452K, reserved 1048576K
}

