# JRE version: Java(TM) SE Runtime Environment (8.0_221-b11) (build 1.8.0_221-b11)
# Java VM: Java HotSpot(TM) 64-Bit Server VM (25.221-b11 mixed mode windows-amd64 compressed oops)
Heap:
 garbage-first heap   total 545792K, used 112352K [0x00000000c0000000, 0x00000000c01010a8, 0x0000000100000000)
  region size 1024K, 30 young (30720K), 30 survivors (30720K)
 Metaspace       used 41274K, capacity 43848K, committed 44108K, reserved 1087488K
  class space    used 4400K, capacity 5145K, committed 5196K, reserved 1048576K
GC Heap History (10 events):
Event: 5.113 GC heap after
Heap after GC invocations=20 (full 0):
 garbage-first heap   total 131072K, used 69965K [0x00000000c0000000, 0x00000000c0100400, 0x0000000100000000)
  region size 1024K, 1 young (1024K), 1 survivors (1024K)
 Metaspace       used 40427K, capacity 42882K, committed 43084K, reserved 1087488K
  class space    used 4321K, capacity 5087K, committed 5196K, reserved 1048576K
}
Event: 5.198 GC heap before
{Heap before GC invocations=20 (full 0):
 garbage-first heap   total 131072K, used 110925K [0x00000000c0000000, 0x00000000c0100400, 0x0000000100000000)
  region size 1024K, 41 young (41984K), 1 survivors (1024K)
 Metaspace       used 40431K, capacity 42882K, committed 43084K, reserved 1087488K
  class space    used 4321K, capacity 5087K, committed 5196K, reserved 1048576K
Event: 5.206 GC heap after
Heap after GC invocations=21 (full 0):
 garbage-first heap   total 131072K, used 74367K [0x00000000c0000000, 0x00000000c0100400, 0x0000000100000000)
  region size 1024K, 6 young (6144K), 6 survivors (6144K)
 Metaspace       used 40431K, capacity 42882K, committed 43084K, reserved 1087488K
  class space    used 4321K, capacity 5087K, committed 5196K, reserved 1048576K
}
Event: 5.278 GC heap before
{Heap before GC invocations=21 (full 0):
 garbage-first heap   total 131072K, used 110207K [0x00000000c0000000, 0x00000000c0100400, 0x0000000100000000)
  region size 1024K, 41 young (41984K), 6 survivors (6144K)
 Metaspace       used 40449K, capacity 42882K, committed 43084K, reserved 1087488K
  class space    used 4321K, capacity 5087K, committed 5196K, reserved 1048576K
Event: 5.286 GC heap after
Heap after GC invocations=22 (full 0):
 garbage-first heap   total 131072K, used 80690K [0x00000000c0000000, 0x00000000c0100400, 0x0000000100000000)
  region size 1024K, 6 young (6144K), 6 survivors (6144K)
 Metaspace       used 40449K, capacity 42882K, committed 43084K, reserved 1087488K
  class space    used 4321K, capacity 5087K, committed 5196K, reserved 1048576K
}
Event: 5.381 GC heap before
{Heap before GC invocations=23 (full 0):
 garbage-first heap   total 131072K, used 111410K [0x00000000c0000000, 0x00000000c0100400, 0x0000000100000000)
  region size 1024K, 36 young (36864K), 6 survivors (6144K)
 Metaspace       used 40497K, capacity 42960K, committed 43340K, reserved 1087488K
  class space    used 4324K, capacity 5089K, committed 5196K, reserved 1048576K
Event: 5.391 GC heap after
Heap after GC invocations=24 (full 0):
 garbage-first heap   total 262144K, used 87670K [0x00000000c0000000, 0x00000000c0100800, 0x0000000100000000)
  region size 1024K, 5 young (5120K), 5 survivors (5120K)
 Metaspace       used 40497K, capacity 42960K, committed 43340K, reserved 1087488K
  class space    used 4324K, capacity 5089K, committed 5196K, reserved 1048576K
}
Event: 5.412 GC heap before
{Heap before GC invocations=24 (full 0):
 garbage-first heap   total 262144K, used 94838K [0x00000000c0000000, 0x00000000c0100800, 0x0000000100000000)
  region size 1024K, 12 young (12288K), 5 survivors (5120K)
 Metaspace       used 40652K, capacity 43102K, committed 43340K, reserved 1087488K
  class space    used 4338K, capacity 5094K, committed 5196K, reserved 1048576K
Event: 5.427 GC heap after
Heap after GC invocations=25 (full 0):
 garbage-first heap   total 419840K, used 82157K [0x00000000c0000000, 0x00000000c0100cd0, 0x0000000100000000)
  region size 1024K, 2 young (2048K), 2 survivors (2048K)
 Metaspace       used 40652K, capacity 43102K, committed 43340K, reserved 1087488K
  class space    used 4338K, capacity 5094K, committed 5196K, reserved 1048576K
}
Event: 6.163 GC heap before
{Heap before GC invocations=25 (full 0):
 garbage-first heap   total 419840K, used 333741K [0x00000000c0000000, 0x00000000c0100cd0, 0x0000000100000000)
  region size 1024K, 246 young (251904K), 2 survivors (2048K)
 Metaspace       used 41274K, capacity 43848K, committed 44108K, reserved 1087488K
  class space    used 4400K, capacity 5145K, committed 5196K, reserved 1048576K

