# JRE version: Java(TM) SE Runtime Environment (8.0_221-b11) (build 1.8.0_221-b11)
# Java VM: Java HotSpot(TM) 64-Bit Server VM (25.221-b11 mixed mode windows-amd64 compressed oops)
Heap:
 garbage-first heap   total 419840K, used 287574K [0x00000000c0000000, 0x00000000c0100cd0, 0x0000000100000000)
  region size 1024K, 177 young (181248K), 30 survivors (30720K)
 Metaspace       used 56888K, capacity 60180K, committed 60492K, reserved 1103872K
  class space    used 5694K, capacity 6635K, committed 6732K, reserved 1048576K
GC Heap History (10 events):
Event: 37.769 GC heap before
{Heap before GC invocations=36 (full 0):
 garbage-first heap   total 419840K, used 117662K [0x00000000c0000000, 0x00000000c0100cd0, 0x0000000100000000)
  region size 1024K, 20 young (20480K), 3 survivors (3072K)
 Metaspace       used 53707K, capacity 56874K, committed 57164K, reserved 1099776K
  class space    used 5490K, capacity 6417K, committed 6476K, reserved 1048576K
Event: 37.776 GC heap after
Heap after GC invocations=37 (full 0):
 garbage-first heap   total 419840K, used 95485K [0x00000000c0000000, 0x00000000c0100cd0, 0x0000000100000000)
  region size 1024K, 3 young (3072K), 3 survivors (3072K)
 Metaspace       used 53707K, capacity 56874K, committed 57164K, reserved 1099776K
  class space    used 5490K, capacity 6417K, committed 6476K, reserved 1048576K
}
Event: 38.620 GC heap before
{Heap before GC invocations=37 (full 0):
 garbage-first heap   total 419840K, used 344317K [0x00000000c0000000, 0x00000000c0100cd0, 0x0000000100000000)
  region size 1024K, 246 young (251904K), 3 survivors (3072K)
 Metaspace       used 53716K, capacity 56874K, committed 57164K, reserved 1099776K
  class space    used 5491K, capacity 6417K, committed 6476K, reserved 1048576K
Event: 38.639 GC heap after
Heap after GC invocations=38 (full 0):
 garbage-first heap   total 419840K, used 125888K [0x00000000c0000000, 0x00000000c0100cd0, 0x0000000100000000)
  region size 1024K, 31 young (31744K), 31 survivors (31744K)
 Metaspace       used 53716K, capacity 56874K, committed 57164K, reserved 1099776K
  class space    used 5491K, capacity 6417K, committed 6476K, reserved 1048576K
}
Event: 39.447 GC heap before
{Heap before GC invocations=38 (full 0):
 garbage-first heap   total 419840K, used 345024K [0x00000000c0000000, 0x00000000c0100cd0, 0x0000000100000000)
  region size 1024K, 245 young (250880K), 31 survivors (31744K)
 Metaspace       used 53730K, capacity 56874K, committed 57164K, reserved 1099776K
  class space    used 5491K, capacity 6417K, committed 6476K, reserved 1048576K
Event: 39.466 GC heap after
Heap after GC invocations=39 (full 0):
 garbage-first heap   total 419840K, used 132090K [0x00000000c0000000, 0x00000000c0100cd0, 0x0000000100000000)
  region size 1024K, 31 young (31744K), 31 survivors (31744K)
 Metaspace       used 53730K, capacity 56874K, committed 57164K, reserved 1099776K
  class space    used 5491K, capacity 6417K, committed 6476K, reserved 1048576K
}
Event: 40.065 GC heap before
{Heap before GC invocations=39 (full 0):
 garbage-first heap   total 419840K, used 345082K [0x00000000c0000000, 0x00000000c0100cd0, 0x0000000100000000)
  region size 1024K, 239 young (244736K), 31 survivors (31744K)
 Metaspace       used 54061K, capacity 57194K, committed 57420K, reserved 1099776K
  class space    used 5497K, capacity 6417K, committed 6476K, reserved 1048576K
Event: 40.079 GC heap after
Heap after GC invocations=40 (full 0):
 garbage-first heap   total 419840K, used 133045K [0x00000000c0000000, 0x00000000c0100cd0, 0x0000000100000000)
  region size 1024K, 27 young (27648K), 27 survivors (27648K)
 Metaspace       used 54061K, capacity 57194K, committed 57420K, reserved 1099776K
  class space    used 5497K, capacity 6417K, committed 6476K, reserved 1048576K
}
Event: 40.873 GC heap before
{Heap before GC invocations=40 (full 0):
 garbage-first heap   total 419840K, used 349109K [0x00000000c0000000, 0x00000000c0100cd0, 0x0000000100000000)
  region size 1024K, 238 young (243712K), 27 survivors (27648K)
 Metaspace       used 54261K, capacity 57386K, committed 57676K, reserved 1099776K
  class space    used 5498K, capacity 6417K, committed 6476K, reserved 1048576K
Event: 40.889 GC heap after
Heap after GC invocations=41 (full 0):
 garbage-first heap   total 419840K, used 138070K [0x00000000c0000000, 0x00000000c0100cd0, 0x0000000100000000)
  region size 1024K, 30 young (30720K), 30 survivors (30720K)
 Metaspace       used 54261K, capacity 57386K, committed 57676K, reserved 1099776K
  class space    used 5498K, capacity 6417K, committed 6476K, reserved 1048576K
}

