# JRE version: Java(TM) SE Runtime Environment (8.0_221-b11) (build 1.8.0_221-b11)
# Java VM: Java HotSpot(TM) 64-Bit Server VM (25.221-b11 mixed mode windows-amd64 compressed oops)
Heap:
 garbage-first heap   total 359424K, used 153033K [0x00000000c0000000, 0x00000000c0100af8, 0x0000000100000000)
  region size 1024K, 76 young (77824K), 6 survivors (6144K)
 Metaspace       used 47636K, capacity 50528K, committed 50640K, reserved 1093632K
  class space    used 4978K, capacity 5813K, committed 5888K, reserved 1048576K
GC Heap History (10 events):
Event: 4.196 GC heap before
{Heap before GC invocations=16 (full 0):
 garbage-first heap   total 186368K, used 133632K [0x00000000c0000000, 0x00000000c01005b0, 0x0000000100000000)
  region size 1024K, 40 young (40960K), 6 survivors (6144K)
 Metaspace       used 44181K, capacity 46938K, committed 47184K, reserved 1091584K
  class space    used 4697K, capacity 5498K, committed 5504K, reserved 1048576K
Event: 4.201 GC heap after
Heap after GC invocations=17 (full 0):
 garbage-first heap   total 186368K, used 97605K [0x00000000c0000000, 0x00000000c01005b0, 0x0000000100000000)
  region size 1024K, 5 young (5120K), 5 survivors (5120K)
 Metaspace       used 44181K, capacity 46938K, committed 47184K, reserved 1091584K
  class space    used 4697K, capacity 5498K, committed 5504K, reserved 1048576K
}
Event: 4.228 GC heap before
{Heap before GC invocations=17 (full 0):
 garbage-first heap   total 186368K, used 101701K [0x00000000c0000000, 0x00000000c01005b0, 0x0000000100000000)
  region size 1024K, 9 young (9216K), 5 survivors (5120K)
 Metaspace       used 44634K, capacity 47408K, committed 47568K, reserved 1091584K
  class space    used 4720K, capacity 5567K, committed 5632K, reserved 1048576K
Event: 4.237 GC heap after
Heap after GC invocations=18 (full 0):
 garbage-first heap   total 186368K, used 86744K [0x00000000c0000000, 0x00000000c01005b0, 0x0000000100000000)
  region size 1024K, 2 young (2048K), 2 survivors (2048K)
 Metaspace       used 44634K, capacity 47408K, committed 47568K, reserved 1091584K
  class space    used 4720K, capacity 5567K, committed 5632K, reserved 1048576K
}
Event: 4.250 GC heap before
{Heap before GC invocations=18 (full 0):
 garbage-first heap   total 186368K, used 93912K [0x00000000c0000000, 0x00000000c01005b0, 0x0000000100000000)
  region size 1024K, 9 young (9216K), 2 survivors (2048K)
 Metaspace       used 44634K, capacity 47408K, committed 47568K, reserved 1091584K
  class space    used 4720K, capacity 5567K, committed 5632K, reserved 1048576K
Event: 4.263 GC heap after
Heap after GC invocations=19 (full 0):
 garbage-first heap   total 186368K, used 81408K [0x00000000c0000000, 0x00000000c01005b0, 0x0000000100000000)
  region size 1024K, 2 young (2048K), 2 survivors (2048K)
 Metaspace       used 44634K, capacity 47408K, committed 47568K, reserved 1091584K
  class space    used 4720K, capacity 5567K, committed 5632K, reserved 1048576K
}
Event: 4.275 GC heap before
{Heap before GC invocations=19 (full 0):
 garbage-first heap   total 186368K, used 88576K [0x00000000c0000000, 0x00000000c01005b0, 0x0000000100000000)
  region size 1024K, 9 young (9216K), 2 survivors (2048K)
 Metaspace       used 44634K, capacity 47408K, committed 47568K, reserved 1091584K
  class space    used 4720K, capacity 5567K, committed 5632K, reserved 1048576K
Event: 4.288 GC heap after
Heap after GC invocations=20 (full 0):
 garbage-first heap   total 186368K, used 78848K [0x00000000c0000000, 0x00000000c01005b0, 0x0000000100000000)
  region size 1024K, 2 young (2048K), 2 survivors (2048K)
 Metaspace       used 44634K, capacity 47408K, committed 47568K, reserved 1091584K
  class space    used 4720K, capacity 5567K, committed 5632K, reserved 1048576K
}
Event: 4.625 GC heap before
{Heap before GC invocations=20 (full 0):
 garbage-first heap   total 186368K, used 150528K [0x00000000c0000000, 0x00000000c01005b0, 0x0000000100000000)
  region size 1024K, 72 young (73728K), 2 survivors (2048K)
 Metaspace       used 46813K, capacity 49614K, committed 49744K, reserved 1093632K
  class space    used 4899K, capacity 5744K, committed 5760K, reserved 1048576K
Event: 4.634 GC heap after
Heap after GC invocations=21 (full 0):
 garbage-first heap   total 359424K, used 82377K [0x00000000c0000000, 0x00000000c0100af8, 0x0000000100000000)
  region size 1024K, 6 young (6144K), 6 survivors (6144K)
 Metaspace       used 46813K, capacity 49614K, committed 49744K, reserved 1093632K
  class space    used 4899K, capacity 5744K, committed 5760K, reserved 1048576K
}

