# JRE version: Java(TM) SE Runtime Environment (8.0_221-b11) (build 1.8.0_221-b11)
# Java VM: Java HotSpot(TM) 64-Bit Server VM (25.221-b11 mixed mode windows-amd64 compressed oops)
Heap:
 garbage-first heap   total 262144K, used 84562K [0x00000000c0000000, 0x00000000c0100800, 0x0000000100000000)
  region size 1024K, 6 young (6144K), 1 survivors (1024K)
 Metaspace       used 40614K, capacity 43122K, committed 43340K, reserved 1087488K
  class space    used 4346K, capacity 5123K, committed 5196K, reserved 1048576K
GC Heap History (10 events):
Event: 5.238 GC heap before
{Heap before GC invocations=18 (full 0):
 garbage-first heap   total 131072K, used 71483K [0x00000000c0000000, 0x00000000c0100400, 0x0000000100000000)
  region size 1024K, 6 young (6144K), 1 survivors (1024K)
 Metaspace       used 40564K, capacity 42994K, committed 43340K, reserved 1087488K
  class space    used 4345K, capacity 5123K, committed 5196K, reserved 1048576K
Event: 5.249 GC heap after
Heap after GC invocations=19 (full 0):
 garbage-first heap   total 131072K, used 66342K [0x00000000c0000000, 0x00000000c0100400, 0x0000000100000000)
  region size 1024K, 1 young (1024K), 1 survivors (1024K)
 Metaspace       used 40564K, capacity 42994K, committed 43340K, reserved 1087488K
  class space    used 4345K, capacity 5123K, committed 5196K, reserved 1048576K
}
Event: 5.357 GC heap before
{Heap before GC invocations=19 (full 0):
 garbage-first heap   total 131072K, used 111398K [0x00000000c0000000, 0x00000000c0100400, 0x0000000100000000)
  region size 1024K, 45 young (46080K), 1 survivors (1024K)
 Metaspace       used 40585K, capacity 43058K, committed 43340K, reserved 1087488K
  class space    used 4345K, capacity 5123K, committed 5196K, reserved 1048576K
Event: 5.366 GC heap after
Heap after GC invocations=20 (full 0):
 garbage-first heap   total 131072K, used 76640K [0x00000000c0000000, 0x00000000c0100400, 0x0000000100000000)
  region size 1024K, 6 young (6144K), 6 survivors (6144K)
 Metaspace       used 40585K, capacity 43058K, committed 43340K, reserved 1087488K
  class space    used 4345K, capacity 5123K, committed 5196K, reserved 1048576K
}
Event: 5.422 GC heap before
{Heap before GC invocations=20 (full 0):
 garbage-first heap   total 131072K, used 111456K [0x00000000c0000000, 0x00000000c0100400, 0x0000000100000000)
  region size 1024K, 40 young (40960K), 6 survivors (6144K)
 Metaspace       used 40599K, capacity 43122K, committed 43340K, reserved 1087488K
  class space    used 4346K, capacity 5123K, committed 5196K, reserved 1048576K
Event: 5.433 GC heap after
Heap after GC invocations=21 (full 0):
 garbage-first heap   total 131072K, used 82595K [0x00000000c0000000, 0x00000000c0100400, 0x0000000100000000)
  region size 1024K, 5 young (5120K), 5 survivors (5120K)
 Metaspace       used 40599K, capacity 43122K, committed 43340K, reserved 1087488K
  class space    used 4346K, capacity 5123K, committed 5196K, reserved 1048576K
}
Event: 5.510 GC heap before
{Heap before GC invocations=22 (full 0):
 garbage-first heap   total 131072K, used 111267K [0x00000000c0000000, 0x00000000c0100400, 0x0000000100000000)
  region size 1024K, 34 young (34816K), 5 survivors (5120K)
 Metaspace       used 40608K, capacity 43122K, committed 43340K, reserved 1087488K
  class space    used 4346K, capacity 5123K, committed 5196K, reserved 1048576K
Event: 5.517 GC heap after
Heap after GC invocations=23 (full 0):
 garbage-first heap   total 131072K, used 87828K [0x00000000c0000000, 0x00000000c0100400, 0x0000000100000000)
  region size 1024K, 5 young (5120K), 5 survivors (5120K)
 Metaspace       used 40608K, capacity 43122K, committed 43340K, reserved 1087488K
  class space    used 4346K, capacity 5123K, committed 5196K, reserved 1048576K
}
Event: 5.519 GC heap before
{Heap before GC invocations=23 (full 0):
 garbage-first heap   total 131072K, used 88852K [0x00000000c0000000, 0x00000000c0100400, 0x0000000100000000)
  region size 1024K, 6 young (6144K), 5 survivors (5120K)
 Metaspace       used 40611K, capacity 43122K, committed 43340K, reserved 1087488K
  class space    used 4346K, capacity 5123K, committed 5196K, reserved 1048576K
Event: 5.527 GC heap after
Heap after GC invocations=24 (full 0):
 garbage-first heap   total 262144K, used 80466K [0x00000000c0000000, 0x00000000c0100800, 0x0000000100000000)
  region size 1024K, 1 young (1024K), 1 survivors (1024K)
 Metaspace       used 40611K, capacity 43122K, committed 43340K, reserved 1087488K
  class space    used 4346K, capacity 5123K, committed 5196K, reserved 1048576K
}

