Heap:
 PSYoungGen      total 192000K, used 148496K [0x00000000d5a00000, 0x00000000e6d80000, 0x0000000100000000)
  eden space 181760K, 76% used [0x00000000d5a00000,0x00000000de1083e8,0x00000000e0b80000)
  from space 10240K, 99% used [0x00000000e0b80000,0x00000000e157bf20,0x00000000e1580000)
  to   space 14336K, 0% used [0x00000000e5f80000,0x00000000e5f80000,0x00000000e6d80000)
 ParOldGen       total 70656K, used 18201K [0x0000000080e00000, 0x0000000085300000, 0x00000000d5a00000)
  object space 70656K, 25% used [0x0000000080e00000,0x0000000081fc64c0,0x0000000085300000)
 Metaspace       used 47942K, capacity 50248K, committed 50520K, reserved 1093632K
  class space    used 6030K, capacity 6454K, committed 6528K, reserved 1048576K
GC Heap History (10 events):
Event: 1.584 GC heap before
{Heap before GC invocations=7 (full 1):
 PSYoungGen      total 71680K, used 66560K [0x00000000d5a00000, 0x00000000dec00000, 0x0000000100000000)
  eden space 66560K, 100% used [0x00000000d5a00000,0x00000000d9b00000,0x00000000d9b00000)
  from space 5120K, 0% used [0x00000000d9b00000,0x00000000d9b00000,0x00000000da000000)
  to   space 8192K, 0% used [0x00000000de400000,0x00000000de400000,0x00000000dec00000)
 ParOldGen       total 51712K, used 5993K [0x0000000080e00000, 0x0000000084080000, 0x00000000d5a00000)
  object space 51712K, 11% used [0x0000000080e00000,0x00000000813da790,0x0000000084080000)
 Metaspace       used 24104K, capacity 24992K, committed 25088K, reserved 1071104K
  class space    used 3082K, capacity 3272K, committed 3328K, reserved 1048576K
Event: 1.589 GC heap after
Heap after GC invocations=7 (full 1):
 PSYoungGen      total 117760K, used 5686K [0x00000000d5a00000, 0x00000000dea00000, 0x0000000100000000)
  eden space 111616K, 0% used [0x00000000d5a00000,0x00000000d5a00000,0x00000000dc700000)
  from space 6144K, 92% used [0x00000000de400000,0x00000000de98d9f8,0x00000000dea00000)
  to   space 7680K, 0% used [0x00000000ddb00000,0x00000000ddb00000,0x00000000de280000)
 ParOldGen       total 51712K, used 6001K [0x0000000080e00000, 0x0000000084080000, 0x00000000d5a00000)
  object space 51712K, 11% used [0x0000000080e00000,0x00000000813dc790,0x0000000084080000)
 Metaspace       used 24104K, capacity 24992K, committed 25088K, reserved 1071104K
  class space    used 3082K, capacity 3272K, committed 3328K, reserved 1048576K
}
Event: 2.793 GC heap before
{Heap before GC invocations=8 (full 1):
 PSYoungGen      total 117760K, used 117302K [0x00000000d5a00000, 0x00000000dea00000, 0x0000000100000000)
  eden space 111616K, 100% used [0x00000000d5a00000,0x00000000dc700000,0x00000000dc700000)
  from space 6144K, 92% used [0x00000000de400000,0x00000000de98d9f8,0x00000000dea00000)
  to   space 7680K, 0% used [0x00000000ddb00000,0x00000000ddb00000,0x00000000de280000)
 ParOldGen       total 51712K, used 6001K [0x0000000080e00000, 0x0000000084080000, 0x00000000d5a00000)
  object space 51712K, 11% used [0x0000000080e00000,0x00000000813dc790,0x0000000084080000)
 Metaspace       used 33073K, capacity 34624K, committed 34816K, reserved 1079296K
  class space    used 4231K, capacity 4542K, committed 4608K, reserved 1048576K
Event: 2.803 GC heap after
Heap after GC invocations=8 (full 1):
 PSYoungGen      total 139776K, used 7652K [0x00000000d5a00000, 0x00000000e2000000, 0x0000000100000000)
  eden space 132096K, 0% used [0x00000000d5a00000,0x00000000d5a00000,0x00000000ddb00000)
  from space 7680K, 99% used [0x00000000ddb00000,0x00000000de279008,0x00000000de280000)
  to   space 10752K, 0% used [0x00000000e1580000,0x00000000e1580000,0x00000000e2000000)
 ParOldGen       total 51712K, used 10472K [0x0000000080e00000, 0x0000000084080000, 0x00000000d5a00000)
  object space 51712K, 20% used [0x0000000080e00000,0x000000008183a0f8,0x0000000084080000)
 Metaspace       used 33073K, capacity 34624K, committed 34816K, reserved 1079296K
  class space    used 4231K, capacity 4542K, committed 4608K, reserved 1048576K
}
Event: 2.856 GC heap before
{Heap before GC invocations=9 (full 1):
 PSYoungGen      total 139776K, used 14777K [0x00000000d5a00000, 0x00000000e2000000, 0x0000000100000000)
  eden space 132096K, 5% used [0x00000000d5a00000,0x00000000d60f55a0,0x00000000ddb00000)
  from space 7680K, 99% used [0x00000000ddb00000,0x00000000de279008,0x00000000de280000)
  to   space 10752K, 0% used [0x00000000e1580000,0x00000000e1580000,0x00000000e2000000)
 ParOldGen       total 51712K, used 10472K [0x0000000080e00000, 0x0000000084080000, 0x00000000d5a00000)
  object space 51712K, 20% used [0x0000000080e00000,0x000000008183a0f8,0x0000000084080000)
 Metaspace       used 33668K, capacity 35232K, committed 35416K, reserved 1079296K
  class space    used 4309K, capacity 4614K, committed 4736K, reserved 1048576K
Event: 2.864 GC heap after
Heap after GC invocations=9 (full 1):
 PSYoungGen      total 192512K, used 6572K [0x00000000d5a00000, 0x00000000e5000000, 0x0000000100000000)
  eden space 181760K, 0% used [0x00000000d5a00000,0x00000000d5a00000,0x00000000e0b80000)
  from space 10752K, 61% used [0x00000000e1580000,0x00000000e1beb358,0x00000000e2000000)
  to   space 10240K, 0% used [0x00000000e0b80000,0x00000000e0b80000,0x00000000e1580000)
 ParOldGen       total 51712K, used 10480K [0x0000000080e00000, 0x0000000084080000, 0x00000000d5a00000)
  object space 51712K, 20% used [0x0000000080e00000,0x000000008183c0f8,0x0000000084080000)
 Metaspace       used 33668K, capacity 35232K, committed 35416K, reserved 1079296K
  class space    used 4309K, capacity 4614K, committed 4736K, reserved 1048576K
}
Event: 2.864 GC heap before
{Heap before GC invocations=10 (full 2):
 PSYoungGen      total 192512K, used 6572K [0x00000000d5a00000, 0x00000000e5000000, 0x0000000100000000)
  eden space 181760K, 0% used [0x00000000d5a00000,0x00000000d5a00000,0x00000000e0b80000)
  from space 10752K, 61% used [0x00000000e1580000,0x00000000e1beb358,0x00000000e2000000)
  to   space 10240K, 0% used [0x00000000e0b80000,0x00000000e0b80000,0x00000000e1580000)
 ParOldGen       total 51712K, used 10480K [0x0000000080e00000, 0x0000000084080000, 0x00000000d5a00000)
  object space 51712K, 20% used [0x0000000080e00000,0x000000008183c0f8,0x0000000084080000)
 Metaspace       used 33668K, capacity 35232K, committed 35416K, reserved 1079296K
  class space    used 4309K, capacity 4614K, committed 4736K, reserved 1048576K
Event: 2.904 GC heap after
Heap after GC invocations=10 (full 2):
 PSYoungGen      total 192512K, used 0K [0x00000000d5a00000, 0x00000000e5000000, 0x0000000100000000)
  eden space 181760K, 0% used [0x00000000d5a00000,0x00000000d5a00000,0x00000000e0b80000)
  from space 10752K, 0% used [0x00000000e1580000,0x00000000e1580000,0x00000000e2000000)
  to   space 10240K, 0% used [0x00000000e0b80000,0x00000000e0b80000,0x00000000e1580000)
 ParOldGen       total 70656K, used 10970K [0x0000000080e00000, 0x0000000085300000, 0x00000000d5a00000)
  object space 70656K, 15% used [0x0000000080e00000,0x00000000818b6808,0x0000000085300000)
 Metaspace       used 33668K, capacity 35232K, committed 35416K, reserved 1079296K
  class space    used 4309K, capacity 4614K, committed 4736K, reserved 1048576K
}
Event: 125.909 GC heap before
{Heap before GC invocations=11 (full 2):
 PSYoungGen      total 192512K, used 181760K [0x00000000d5a00000, 0x00000000e5000000, 0x0000000100000000)
  eden space 181760K, 100% used [0x00000000d5a00000,0x00000000e0b80000,0x00000000e0b80000)
  from space 10752K, 0% used [0x00000000e1580000,0x00000000e1580000,0x00000000e2000000)
  to   space 10240K, 0% used [0x00000000e0b80000,0x00000000e0b80000,0x00000000e1580000)
 ParOldGen       total 70656K, used 10970K [0x0000000080e00000, 0x0000000085300000, 0x00000000d5a00000)
  object space 70656K, 15% used [0x0000000080e00000,0x00000000818b6808,0x0000000085300000)
 Metaspace       used 47861K, capacity 50184K, committed 50264K, reserved 1093632K
  class space    used 6030K, capacity 6454K, committed 6528K, reserved 1048576K
Event: 125.920 GC heap after
Heap after GC invocations=11 (full 2):
 PSYoungGen      total 192000K, used 10223K [0x00000000d5a00000, 0x00000000e6d80000, 0x0000000100000000)
  eden space 181760K, 0% used [0x00000000d5a00000,0x00000000d5a00000,0x00000000e0b80000)
  from space 10240K, 99% used [0x00000000e0b80000,0x00000000e157bf20,0x00000000e1580000)
  to   space 14336K, 0% used [0x00000000e5f80000,0x00000000e5f80000,0x00000000e6d80000)
 ParOldGen       total 70656K, used 18201K [0x0000000080e00000, 0x0000000085300000, 0x00000000d5a00000)
  object space 70656K, 25% used [0x0000000080e00000,0x0000000081fc64c0,0x0000000085300000)
 Metaspace       used 47861K, capacity 50184K, committed 50264K, reserved 1093632K
  class space    used 6030K, capacity 6454K, committed 6528K, reserved 1048576K
}

